<?xml version="1.0" encoding="UTF-8"?>
<testsuite xmlns:xsi="http://www.w3.org/2001/XMLSchema-instance" xsi:noNamespaceSchemaLocation="https://maven.apache.org/surefire/maven-surefire-plugin/xsd/surefire-test-report-3.0.xsd" version="3.0" name="com.insurence.healthinsurence.HealthinsurenceApplicationTests" time="2.917" tests="1" errors="0" skipped="0" failures="0">
  <properties>
[...]
</properties>
  <testcase name="contextLoads" classname="com.insurence.healthinsurence.HealthinsurenceApplicationTests" time="1.267">
    <system-out><![CDATA[12:41:14.640 [main] INFO org.springframework.test.context.support.AnnotationConfigContextLoaderUtils -- Could not detect default configuration classes for test class [com.insurence.healthinsurence.HealthinsurenceApplicationTests]: HealthinsurenceApplicationTests does not declare any static, non-private, non-final, nested classes annotated with @Configuration.
12:41:14.742 [main] INFO org.springframework.boot.test.context.SpringBootTestContextBootstrapper -- Found @SpringBootConfiguration com.insurence.healthinsurence.HealthinsurenceApplication for test class com.insurence.healthinsurence.HealthinsurenceApplicationTests

  .   ____          _            __ _ _
 /\\ / ___'_ __ _ _(_)_ __  __ _ \ \ \ \
( ( )\___ | '_ | '_| | '_ \/ _` | \ \ \ \
 \\/  ___)| |_)| | | | | || (_| |  ) ) ) )
  '  |____| .__|_| |_|_| |_\__, | / / / /
 =========|_|==============|___/=/_/_/_/
 :: Spring Boot ::       (v3.2.0-SNAPSHOT)

2023-09-14T12:41:15.133+05:30  INFO 9760 --- [           main] c.i.h.HealthinsurenceApplicationTests    : Starting HealthinsurenceApplicationTests using Java 17.0.6 with PID 9760 (started by saikiran.s in C:\Users\saikiran.s\Downloads\healthinsurence\healthinsurence)
2023-09-14T12:41:15.135+05:30  INFO 9760 --- [           main] c.i.h.HealthinsurenceApplicationTests    : No active profile set, falling back to 1 default profile: "default"
2023-09-14T12:41:16.109+05:30  INFO 9760 --- [           main] c.i.h.HealthinsurenceApplicationTests    : Started HealthinsurenceApplicationTests in 1.217 seconds (process running for 2.328)
]]></system-out>
  </testcase>
</testsuite>